================================================================
== Design Size Report
================================================================

* Total Instructions per Compilation Phase
+---------------+-----------------------------+--------------+----------------------------------------------------------------------------------------+
| Phase         | Step                        | Instructions | Description                                                                            |
+---------------+-----------------------------+--------------+----------------------------------------------------------------------------------------+
| Compile/Link  |                             | 823          | After all functions are compiled and linked into a single design                       |
|               |                             |              |                                                                                        |
| Unroll/Inline |                             |              | After user unroll and inline pragmas are applied                                       |
|               | (1) unroll                  | 206          | user unroll pragmas are applied                                                        |
|               | (2) simplification          | 151          | simplification of applied user unroll pragmas                                          |
|               | (3) inline                  | 137          | user inline pragmas are applied                                                        |
|               | (4) simplification          | 102          | simplification of applied user inline pragmas                                          |
|               |                             |              |                                                                                        |
| Array/Struct  |                             |              | After user array partition and struct aggregate/disaggregate pragmas are applied       |
|               | (1) array partition         | 102          | user array partition pragmas are applied                                               |
|               | (2) simplification          | 102          | simplification of applied user array partition & struct aggregate/disaggregate pragmas |
|               | (3) aggregate/disaggregate  | 102          | user struct aggregate/disaggregate pragmas are applied                                 |
|               | (4) array reshape           | 102          | apply array reshape pragmas                                                            |
|               | (5) access patterns         | 177          | array access pattern optmizations                                                      |
|               |                             |              |                                                                                        |
| Performance   |                             |              | After transformations are applied to meet performance pragma targets                   |
|               | (1) loop simplification     | 178          | loop and instruction simplification                                                    |
|               | (2) parallelization         | 209          | loops are unrolled or pipelined to meet performance targets                            |
|               | (3) array partition         | 164          | arrays are partitioned to meet performance targets                                     |
|               | (4) simplification          | 161          | simplification of design after performance transformations                             |
|               |                             |              |                                                                                        |
| HW Transforms |                             |              | After hardware transfomations                                                          |
|               | (1) lowering                | 141          | initial conversion to HW specific instructions                                         |
|               | (2) optimizations           | 114          | high level synthesis optimizations                                                     |
+---------------+-----------------------------+--------------+----------------------------------------------------------------------------------------+

* Instructions per Function for each Compilation Phase
+-------------------------------------+---------------------------+--------------+---------------+--------------+-------------+---------------+
| Function                            | Location                  | Compile/Link | Unroll/Inline | Array/Struct | Performance | HW Transforms |
+-------------------------------------+---------------------------+--------------+---------------+--------------+-------------+---------------+
| + TinyYOLOHW                        | TinyYOLOHW_cmodel.cpp:109 | 823          | 102           | 177          | 161         | 114           |
|  + example_stream_plus1<512, 51...  | TinyYOLOHW_cmodel.cpp:88  | 807          |               |              |             |               |
|     read_stream<512, 512, 0, 0, ... | TinyYOLOHW_cmodel.cpp:28  | 270          |               |              |             |               |
|     parallel_adder<512, 0, 0, 0>... | TinyYOLOHW_cmodel.cpp:79  | 228          |               |              |             |               |
|     write_stream<512, 512, 0, 0,... | TinyYOLOHW_cmodel.cpp:50  | 284          |               |              |             |               |
+-------------------------------------+---------------------------+--------------+---------------+--------------+-------------+---------------+

* Design Size Message Settings
+---------------------------------------------+--------+------------------------------------------------------------------+
| Message Setting                             | Value  | Description                                                      |
+---------------------------------------------+--------+------------------------------------------------------------------+
| config_compile -design_size_maximum_warning | 100000 | Show a warning when total design instructions exceeds this value |
+---------------------------------------------+--------+------------------------------------------------------------------+


